#
# There is insufficient memory for the Java Runtime Environment to continue.
# Native memory allocation (malloc) failed to allocate 221056 bytes for Chunk::new
# Possible reasons:
#   The system is out of physical RAM or swap space
#   In 32 bit mode, the process size limit was hit
# Possible solutions:
#   Reduce memory load on the system
#   Increase physical memory or swap space
#   Check if swap backing store is full
#   Use 64 bit Java on a 64 bit OS
#   Decrease Java heap size (-Xmx/-Xms)
#   Decrease number of Java threads
#   Decrease Java thread stack sizes (-Xss)
#   Set larger code cache with -XX:ReservedCodeCacheSize=
# This output file may be truncated or incomplete.
#
#  Out of Memory Error (allocation.cpp:328), pid=11536, tid=11616
#
# JRE version: 7.0_21-b11
# Java VM: Java HotSpot(TM) 64-Bit Server VM (23.21-b01 mixed mode windows-amd64 compressed oops)
# Failed to write core dump. Minidumps are not enabled by default on client versions of Windows
#

---------------  T H R E A D  ---------------

Current thread (0x0000000009187000):  JavaThread "C2 CompilerThread1" daemon [_thread_in_native, id=11616, stack(0x000000000a840000,0x000000000a940000)]

Stack: [0x000000000a840000,0x000000000a940000]

Current CompileTask:
C2:   3339   24             java.awt.Container::findComponentAtImpl (315 bytes)


---------------  P R O C E S S  ---------------

Java Threads: ( => current thread )
  0x0000000002d30800 JavaThread "DestroyJavaVM" [_thread_blocked, id=11336, stack(0x0000000002b40000,0x0000000002c40000)]
  0x000000000dc0b000 JavaThread "D3D Screen Updater" daemon [_thread_blocked, id=11576, stack(0x000000000e7a0000,0x000000000e8a0000)]
  0x000000000accc800 JavaThread "Image Fetcher 0" daemon [_thread_blocked, id=11592, stack(0x000000000dac0000,0x000000000dbc0000)]
  0x000000000ac39800 JavaThread "AWT-EventQueue-0" [_thread_blocked, id=11560, stack(0x000000000d9c0000,0x000000000dac0000)]
  0x000000000ac18800 JavaThread "AWT-Windows" daemon [_thread_in_native, id=11612, stack(0x000000000b440000,0x000000000b540000)]
  0x000000000ac18000 JavaThread "AWT-Shutdown" [_thread_blocked, id=11556, stack(0x000000000b340000,0x000000000b440000)]
  0x000000000ac17800 JavaThread "Java2D Disposer" daemon [_thread_blocked, id=11564, stack(0x000000000b240000,0x000000000b340000)]
  0x000000000918f800 JavaThread "Service Thread" daemon [_thread_blocked, id=11588, stack(0x000000000a940000,0x000000000aa40000)]
=>0x0000000009187000 JavaThread "C2 CompilerThread1" daemon [_thread_in_native, id=11616, stack(0x000000000a840000,0x000000000a940000)]
  0x0000000009185000 JavaThread "C2 CompilerThread0" daemon [_thread_blocked, id=11620, stack(0x000000000a740000,0x000000000a840000)]
  0x0000000009181000 JavaThread "Attach Listener" daemon [_thread_blocked, id=11624, stack(0x000000000a640000,0x000000000a740000)]
  0x000000000917e000 JavaThread "Signal Dispatcher" daemon [_thread_blocked, id=11628, stack(0x000000000a540000,0x000000000a640000)]
  0x0000000009118000 JavaThread "Finalizer" daemon [_thread_blocked, id=11636, stack(0x000000000a440000,0x000000000a540000)]
  0x000000000910f800 JavaThread "Reference Handler" daemon [_thread_blocked, id=11640, stack(0x000000000a340000,0x000000000a440000)]

Other Threads:
  0x0000000009108000 VMThread [stack: 0x000000000a240000,0x000000000a340000] [id=11632]
  0x00000000091a8000 WatcherThread [stack: 0x000000000aa40000,0x000000000ab40000] [id=11596]

VM state:not at safepoint (normal execution)

VM Mutex/Monitor currently owned by a thread: None

Heap
 PSYoungGen      total 18496K, used 8175K [0x00000000eb600000, 0x00000000ecaa0000, 0x0000000100000000)
  eden space 15872K, 35% used [0x00000000eb600000,0x00000000ebb6d2f8,0x00000000ec580000)
  from space 2624K, 99% used [0x00000000ec580000,0x00000000ec80ecc0,0x00000000ec810000)
  to   space 2624K, 0% used [0x00000000ec810000,0x00000000ec810000,0x00000000ecaa0000)
 ParOldGen       total 42240K, used 4726K [0x00000000c2200000, 0x00000000c4b40000, 0x00000000eb600000)
  object space 42240K, 11% used [0x00000000c2200000,0x00000000c269dac0,0x00000000c4b40000)
 PSPermGen       total 21248K, used 8864K [0x00000000bd000000, 0x00000000be4c0000, 0x00000000c2200000)
  object space 21248K, 41% used [0x00000000bd000000,0x00000000bd8a8040,0x00000000be4c0000)

Card table byte_map: [0x0000000005ef0000,0x0000000006110000] byte_map_base: 0x0000000005908000

Polling page: 0x0000000001570000

Code Cache  [0x0000000002e30000, 0x00000000030a0000, 0x0000000005e30000)
 total_blobs=424 nmethods=25 adapters=350 free_code_cache=48579Kb largest_free_block=49730944

Compilation events (10 events):
Event: 1.115 Thread 0x0000000009185000 nmethod 19 0x0000000002ebdb50 code [0x0000000002ebdca0, 0x0000000002ebde58]
Event: 2.999 Thread 0x0000000009187000   20             java.util.ArrayList::size (5 bytes)
Event: 3.000 Thread 0x0000000009187000 nmethod 20 0x0000000002ec2110 code [0x0000000002ec2240, 0x0000000002ec2298]
Event: 3.055 Thread 0x0000000009185000   21             java.util.ArrayList::rangeCheck (22 bytes)
Event: 3.055 Thread 0x0000000009187000   22             java.util.ArrayList::elementData (7 bytes)
Event: 3.056 Thread 0x0000000009185000 nmethod 21 0x0000000002ec2310 code [0x0000000002ec2440, 0x0000000002ec24b8]
Event: 3.056 Thread 0x0000000009185000   23             java.util.ArrayList::get (11 bytes)
Event: 3.056 Thread 0x0000000009187000 nmethod 22 0x0000000002ec2550 code [0x0000000002ec2680, 0x0000000002ec2718]
Event: 3.056 Thread 0x0000000009185000 nmethod 23 0x0000000002ec27d0 code [0x0000000002ec2900, 0x0000000002ec2998]
Event: 3.296 Thread 0x0000000009187000   24             java.awt.Container::findComponentAtImpl (315 bytes)

GC Heap History (2 events):
Event: 0.931 GC heap before
{Heap before GC invocations=1 (full 0):
 PSYoungGen      total 18496K, used 15872K [0x00000000eb600000, 0x00000000ecaa0000, 0x0000000100000000)
  eden space 15872K, 100% used [0x00000000eb600000,0x00000000ec580000,0x00000000ec580000)
  from space 2624K, 0% used [0x00000000ec810000,0x00000000ec810000,0x00000000ecaa0000)
  to   space 2624K, 0% used [0x00000000ec580000,0x00000000ec580000,0x00000000ec810000)
 ParOldGen       total 42240K, used 0K [0x00000000c2200000, 0x00000000c4b40000, 0x00000000eb600000)
  object space 42240K, 0% used [0x00000000c2200000,0x00000000c2200000,0x00000000c4b40000)
 PSPermGen       total 21248K, used 6877K [0x00000000bd000000, 0x00000000be4c0000, 0x00000000c2200000)
  object space 21248K, 32% used [0x00000000bd000000,0x00000000bd6b76b8,0x00000000be4c0000)
Event: 0.935 GC heap after
Heap after GC invocations=1 (full 0):
 PSYoungGen      total 18496K, used 2619K [0x00000000eb600000, 0x00000000ecaa0000, 0x0000000100000000)
  eden space 15872K, 0% used [0x00000000eb600000,0x00000000eb600000,0x00000000ec580000)
  from space 2624K, 99% used [0x00000000ec580000,0x00000000ec80ecc0,0x00000000ec810000)
  to   space 2624K, 0% used [0x00000000ec810000,0x00000000ec810000,0x00000000ecaa0000)
 ParOldGen       total 42240K, used 4726K [0x00000000c2200000, 0x00000000c4b40000, 0x00000000eb600000)
  object space 42240K, 11% used [0x00000000c2200000,0x00000000c269dac0,0x00000000c4b40000)
 PSPermGen       total 21248K, used 6877K [0x00000000bd000000, 0x00000000be4c0000, 0x00000000c2200000)
  object space 21248K, 32% used [0x00000000bd000000,0x00000000bd6b76b8,0x00000000be4c0000)
}

Deoptimization events (0 events):
No events

Internal exceptions (10 events):
Event: 1.070 Thread 0x0000000002d30800 Threw 0x00000000ebab1040 at C:\jdk7u2_64p\jdk7u21\hotspot\src\share\vm\prims\jvm.cpp:1166
Event: 1.070 Thread 0x0000000002d30800 Threw 0x00000000ebab1168 at C:\jdk7u2_64p\jdk7u21\hotspot\src\share\vm\prims\jvm.cpp:1166
Event: 1.071 Thread 0x0000000002d30800 Threw 0x00000000ebab4770 at C:\jdk7u2_64p\jdk7u21\hotspot\src\share\vm\prims\jvm.cpp:1166
Event: 1.071 Thread 0x0000000002d30800 Threw 0x00000000ebab4898 at C:\jdk7u2_64p\jdk7u21\hotspot\src\share\vm\prims\jvm.cpp:1166
Event: 1.092 Thread 0x0000000002d30800 Threw 0x00000000ebab9400 at C:\jdk7u2_64p\jdk7u21\hotspot\src\share\vm\prims\jvm.cpp:1166
Event: 1.167 Thread 0x0000000002d30800 Threw 0x00000000ebabb240 at C:\jdk7u2_64p\jdk7u21\hotspot\src\share\vm\prims\jvm.cpp:1166
Event: 1.171 Thread 0x0000000002d30800 Threw 0x00000000ebb00288 at C:\jdk7u2_64p\jdk7u21\hotspot\src\share\vm\prims\jvm.cpp:1166
Event: 1.196 Thread 0x0000000002d30800 Threw 0x00000000ebb020c8 at C:\jdk7u2_64p\jdk7u21\hotspot\src\share\vm\prims\jvm.cpp:1166
Event: 1.199 Thread 0x0000000002d30800 Threw 0x00000000ebb03f10 at C:\jdk7u2_64p\jdk7u21\hotspot\src\share\vm\prims\jvm.cpp:1166
Event: 1.208 Thread 0x0000000002d30800 Threw 0x00000000ebb05600 at C:\jdk7u2_64p\jdk7u21\hotspot\src\share\vm\prims\jvm.cpp:1166

Events (10 events):
Event: 1.173 loading class 0x000000000abecb80
Event: 1.174 loading class 0x000000000abecb80 done
Event: 1.196 loading class 0x00000000091b9ad0
Event: 1.196 loading class 0x00000000091b9ad0 done
Event: 1.199 loading class 0x00000000091b97f0
Event: 1.199 loading class 0x00000000091b97f0 done
Event: 1.208 loading class 0x0000000009176050
Event: 1.208 loading class 0x0000000009176050 done
Event: 1.211 Thread 0x0000000002d30800 Thread exited: 0x0000000002d30800
Event: 1.211 Thread 0x0000000002d30800 Thread added: 0x0000000002d30800


Dynamic libraries:
0x000007f71bfc0000 - 0x000007f71bff3000 	C:\Program Files\Java\jre7\bin\javaw.exe
0x000007f8e0280000 - 0x000007f8e043e000 	C:\Windows\SYSTEM32\ntdll.dll
0x000007f8dde40000 - 0x000007f8ddf77000 	C:\Windows\system32\KERNEL32.DLL
0x000007f8dd280000 - 0x000007f8dd374000 	C:\Windows\system32\KERNELBASE.dll
0x000007f8d77d0000 - 0x000007f8d786f000 	C:\Windows\system32\apphelp.dll
0x000007f8e0000000 - 0x000007f8e00de000 	C:\Windows\system32\ADVAPI32.dll
0x000007f8dfeb0000 - 0x000007f8dfffc000 	C:\Windows\system32\USER32.dll
0x000007f8da9a0000 - 0x000007f8dac0a000 	C:\Windows\WinSxS\amd64_microsoft.windows.common-controls_6595b64144ccf1df_6.0.9200.16579_none_418ab7ef718b27ef\COMCTL32.dll
0x000007f8ddad0000 - 0x000007f8ddb75000 	C:\Windows\system32\msvcrt.dll
0x000007f8de6c0000 - 0x000007f8de708000 	C:\Windows\SYSTEM32\sechost.dll
0x000007f8dd7e0000 - 0x000007f8dd925000 	C:\Windows\system32\RPCRT4.dll
0x000007f8de160000 - 0x000007f8de2a1000 	C:\Windows\system32\GDI32.dll
0x000007f8de710000 - 0x000007f8de749000 	C:\Windows\system32\IMM32.DLL
0x000007f8deaa0000 - 0x000007f8debb6000 	C:\Windows\system32\MSCTF.dll
0x00000000709a0000 - 0x0000000070a71000 	C:\Program Files\Java\jre7\bin\msvcr100.dll
0x000000006ff50000 - 0x0000000070671000 	C:\Program Files\Java\jre7\bin\server\jvm.dll
0x000007f8d7440000 - 0x000007f8d7449000 	C:\Windows\SYSTEM32\WSOCK32.dll
0x000007f8ccdb0000 - 0x000007f8ccdd0000 	C:\Windows\SYSTEM32\WINMM.dll
0x000007f8de770000 - 0x000007f8de777000 	C:\Windows\system32\PSAPI.DLL
0x000007f8e0220000 - 0x000007f8e0278000 	C:\Windows\system32\WS2_32.dll
0x000007f8ccc30000 - 0x000007f8ccc63000 	C:\Windows\SYSTEM32\WINMMBASE.dll
0x000007f8ddba0000 - 0x000007f8ddba9000 	C:\Windows\system32\NSI.dll
0x000007f8dd580000 - 0x000007f8dd5cf000 	C:\Windows\SYSTEM32\cfgmgr32.dll
0x000007f8dd1a0000 - 0x000007f8dd1c2000 	C:\Windows\system32\DEVOBJ.dll
0x0000000070da0000 - 0x0000000070daf000 	C:\Program Files\Java\jre7\bin\verify.dll
0x0000000070d10000 - 0x0000000070d38000 	C:\Program Files\Java\jre7\bin\java.dll
0x0000000070d80000 - 0x0000000070d95000 	C:\Program Files\Java\jre7\bin\zip.dll
0x0000000070800000 - 0x0000000070993000 	C:\Program Files\Java\jre7\bin\awt.dll
0x000007f8e00e0000 - 0x000007f8e01a3000 	C:\Windows\system32\OLEAUT32.dll
0x000007f8dd630000 - 0x000007f8dd7e0000 	C:\Windows\system32\combase.dll
0x000007f8db600000 - 0x000007f8db621000 	C:\Windows\system32\DWMAPI.DLL
0x000007f8dbed0000 - 0x000007f8dbfb6000 	C:\Windows\system32\uxtheme.dll
0x000007f8ddfe0000 - 0x000007f8de15e000 	C:\Windows\system32\ole32.dll
0x000007f8dd060000 - 0x000007f8dd06a000 	C:\Windows\SYSTEM32\CRYPTBASE.dll
0x000007f8dceb0000 - 0x000007f8dcf0c000 	C:\Windows\SYSTEM32\bcryptPrimitives.dll
0x000007f8cd4b0000 - 0x000007f8cd6b0000 	C:\Windows\system32\d3d9.dll
0x000007f8daef0000 - 0x000007f8daef9000 	C:\Windows\SYSTEM32\VERSION.dll
0x000007f8d9c10000 - 0x000007f8d9d27000 	C:\Windows\SYSTEM32\aticfx64.dll
0x000007f8d4e80000 - 0x000007f8d4e9f000 	C:\Windows\SYSTEM32\atiu9p64.dll
0x000007f8bb5f0000 - 0x000007f8bbc5f000 	C:\Windows\SYSTEM32\atiumd64.dll
0x000000006fc00000 - 0x000000006ff09000 	C:\Windows\SYSTEM32\atiumd6a.dll
0x000007f8debc0000 - 0x000007f8dfea2000 	C:\Windows\system32\SHELL32.dll
0x000007f8dda80000 - 0x000007f8ddad0000 	C:\Windows\system32\SHLWAPI.dll
0x000007f8dc2b0000 - 0x000007f8dc345000 	C:\Windows\SYSTEM32\shcore.dll
0x0000000070780000 - 0x00000000707be000 	C:\Program Files\Java\jre7\bin\fontmanager.dll
0x000000006ff30000 - 0x000000006ff49000 	C:\Program Files\Java\jre7\bin\net.dll
0x000007f8dc8e0000 - 0x000007f8dc93c000 	C:\Windows\system32\mswsock.dll
0x000000006ff10000 - 0x000000006ff21000 	C:\Program Files\Java\jre7\bin\nio.dll
0x0000000070730000 - 0x0000000070771000 	C:\Program Files\Java\jre7\bin\t2k.dll
0x000007f8dd930000 - 0x000007f8dd9c6000 	C:\Windows\SYSTEM32\clbcatq.dll

VM Arguments:
jvm_args: -Dfile.encoding=Cp1252 
java_command: Control.Server
Launcher Type: SUN_STANDARD

Environment Variables:
JAVA_HOME=C:\Program Files\Java\jdk1.7.0_21
CLASSPATH=.;C:\Software\LANGUA~1\IBM(x86)\SQLLIB\java\db2java.zip;C:\Software\LANGUA~1\IBM(x86)\SQLLIB\java\db2jcc.jar;C:\Software\LANGUA~1\IBM(x86)\SQLLIB\java\sqlj.zip;C:\Software\LANGUA~1\IBM(x86)\SQLLIB\java\db2jcc_license_cu.jar;C:\Software\LANGUA~1\IBM(x86)\SQLLIB\bin;C:\Software\LANGUA~1\IBM(x86)\SQLLIB\java\common.jar;C:\Software\Languages\junit4.10\junit.jar;C:\Software\Languages\junit4.10;C:\Software\Languages\aspectj1.8\lib\aspectjrt.jar;C:\Software\Languages\javamop3.0\lib\javamoprt.jar
PATH=C:/Program Files/Java/jre7/bin/server;C:/Program Files/Java/jre7/bin;C:/Program Files/Java/jre7/lib/amd64;C:\Program Files (x86)\NVIDIA Corporation\PhysX\Common;C:\Software\Languages\ActiveTCL_8_5_10\bin;C:\Software\Languages\XEClient\bin;C:\Perl64\site\bin;C:\Perl64\bin;C:\Windows\system32;C:\Windows;C:\Windows\System32\Wbem;C:\Windows\System32\WindowsPowerShell\v1.0\;C:\Program Files\Java\jdk1.7.0_21\bin;c:\Program Files (x86)\Microsoft SQL Server\90\Tools\bin\;C:\Software\Applications\gVim7.2\App\vim\vim72;C:\Software\LANGUA~1\IBM(x86)\SQLLIB\BIN;C:\Software\LANGUA~1\IBM(x86)\SQLLIB\FUNCTION;C:\Software\LANGUA~1\IBM(x86)\SQLLIB\SAMPLES\REPL;C:\Software\Languages\OpenCV2.1\bin;C:\Software\Languages\MinGW-4.8.1\bin;C:\Software\Languages\Apache-ant-1.8.2\bin;C:\Software\Applications\7-Zip;C:\Software\Applications\JEdit\jEdit;C:\Program Files (x86)\xUnit 1.9.1;C:\Software\Languages\Python27;C:\Software\Languages\sqlite-3_7_0;C:\Program Files\Microsoft\Web Platform Installer\;C:\Program Files (x86)\Microsoft ASP.NET\ASP.NET Web Pages\v1.0\;C:\Program Files\Microsoft SQL Server\110\Tools\Binn\;C:\Program Files (x86)\Windows Kits\8.0\Windows Performance Toolkit\;C:\Program Files (x86)\Windows Kits\8.1\Windows Performance Toolkit\;C:\Program Files (x86)\Microsoft SDKs\TypeScript\1.0\;C:\Program Files (x86)\nodejs\;C:\Software\Languages\aspectj1.8\bin\;C:\Software\Languages\javamop3.0\bin\;D:\software\LANGUAGES\MingGW\bin;C:\Program Files\MATLAB\R2014b\runtime\win64;C:\Program Files\MATLAB\R2014b\bin;l:\bin;C:\Software\Languages\eclipse-Juno;
USERNAME=ryanlam2
OS=Windows_NT
PROCESSOR_IDENTIFIER=Intel64 Family 6 Model 37 Stepping 2, GenuineIntel



---------------  S Y S T E M  ---------------

OS: Windows 8 , 64 bit Build 9200 

CPU:total 4 (2 cores per cpu, 2 threads per core) family 6 model 37 stepping 2, cmov, cx8, fxsr, mmx, sse, sse2, sse3, ssse3, sse4.1, sse4.2, popcnt, ht, tsc, tscinvbit

Memory: 4k page, physical 4052124k(831320k free), swap 16635036k(5104k free)

vm_info: Java HotSpot(TM) 64-Bit Server VM (23.21-b01) for windows-amd64 JRE (1.7.0_21-b11), built on Apr  4 2013 08:11:28 by "java_re" with unknown MS VC++:1600

time: Fri Feb 20 12:50:03 2015
elapsed time: 3 seconds

